<?xml version="1.0" encoding="UTF-8"?>
<!-- Generated by org.testng.reporters.JUnitXMLReporter -->
<testsuite ignored="0" hostname="DESKTOP-2ILKCN7" failures="0" tests="11" name="Run on FIREFOX" time="0.072" errors="0" timestamp="14 Oct 2021 06:55:08 GMT">
  <testcase classname="com.liveguru.user.User_01_Register_To_System" name="Register_01_Empty_Data" time="0.005"/>
  <testcase classname="com.liveguru.user.User_01_Register_To_System" name="Register_02_Invalid_Email" time="0.001"/>
  <testcase classname="com.liveguru.user.User_01_Register_To_System" name="Register_03_Password_Less_Than_6_Chars" time="0.001"/>
  <testcase classname="com.liveguru.user.User_01_Register_To_System" name="Register_04_Confirm_Password_Not_Matching_Password" time="0.001"/>
  <testcase classname="com.liveguru.user.User_01_Register_To_System" name="Register_05_Valid_Data" time="0.001"/>
  <testcase classname="com.liveguru.user.User_02_Login_To_System" name="Login_01_Empty_Email_And_Password" time="0.001"/>
  <testcase classname="com.liveguru.user.User_02_Login_To_System" name="Login_02_EInvalid_Email" time="0.0"/>
  <testcase classname="com.liveguru.user.User_02_Login_To_System" name="Login_03_Email_Not_Existing" time="0.002"/>
  <testcase classname="com.liveguru.user.User_02_Login_To_System" name="Login_04_Password_Less_Than_6_Chars" time="0.001"/>
  <testcase classname="com.liveguru.user.User_02_Login_To_System" name="Login_05_Incorrect_Password" time="0.004"/>
  <testcase classname="com.liveguru.user.User_02_Login_To_System" name="Login_06_Valid_Email_Password" time="0.0"/>
</testsuite> <!-- Run on FIREFOX -->
