<?xml version="1.0" encoding="UTF-8"?>
<testng-results ignored="0" total="11" passed="11" failed="0" skipped="0">
  <reporter-output>
  </reporter-output>
  <suite started-at="2021-10-14T06:55:08Z" name="Live Guru" finished-at="2021-10-14T06:55:08Z" duration-ms="72">
    <groups>
    </groups>
    <test started-at="2021-10-14T06:55:08Z" name="Run on FIREFOX" finished-at="2021-10-14T06:55:08Z" duration-ms="72">
      <class name="com.liveguru.user.User_02_Login_To_System">
        <test-method signature="Login_01_Empty_Email_And_Password()[pri:0, instance:com.liveguru.user.User_02_Login_To_System@2925bf5b]" started-at="2021-10-14T06:55:08Z" name="Login_01_Empty_Email_And_Password" finished-at="2021-10-14T06:55:08Z" duration-ms="1" status="PASS">
          <reporter-output>
          </reporter-output>
        </test-method> <!-- Login_01_Empty_Email_And_Password -->
        <test-method signature="Login_02_EInvalid_Email()[pri:0, instance:com.liveguru.user.User_02_Login_To_System@2925bf5b]" started-at="2021-10-14T06:55:08Z" name="Login_02_EInvalid_Email" finished-at="2021-10-14T06:55:08Z" duration-ms="0" status="PASS">
          <reporter-output>
          </reporter-output>
        </test-method> <!-- Login_02_EInvalid_Email -->
        <test-method signature="Login_03_Email_Not_Existing()[pri:0, instance:com.liveguru.user.User_02_Login_To_System@2925bf5b]" started-at="2021-10-14T06:55:08Z" name="Login_03_Email_Not_Existing" finished-at="2021-10-14T06:55:08Z" duration-ms="2" status="PASS">
          <reporter-output>
          </reporter-output>
        </test-method> <!-- Login_03_Email_Not_Existing -->
        <test-method signature="Login_04_Password_Less_Than_6_Chars()[pri:0, instance:com.liveguru.user.User_02_Login_To_System@2925bf5b]" started-at="2021-10-14T06:55:08Z" name="Login_04_Password_Less_Than_6_Chars" finished-at="2021-10-14T06:55:08Z" duration-ms="1" status="PASS">
          <reporter-output>
          </reporter-output>
        </test-method> <!-- Login_04_Password_Less_Than_6_Chars -->
        <test-method signature="Login_05_Incorrect_Password()[pri:0, instance:com.liveguru.user.User_02_Login_To_System@2925bf5b]" started-at="2021-10-14T06:55:08Z" name="Login_05_Incorrect_Password" finished-at="2021-10-14T06:55:08Z" duration-ms="4" status="PASS">
          <reporter-output>
          </reporter-output>
        </test-method> <!-- Login_05_Incorrect_Password -->
        <test-method signature="Login_06_Valid_Email_Password()[pri:0, instance:com.liveguru.user.User_02_Login_To_System@2925bf5b]" started-at="2021-10-14T06:55:08Z" name="Login_06_Valid_Email_Password" finished-at="2021-10-14T06:55:08Z" duration-ms="0" status="PASS">
          <reporter-output>
          </reporter-output>
        </test-method> <!-- Login_06_Valid_Email_Password -->
      </class> <!-- com.liveguru.user.User_02_Login_To_System -->
      <class name="com.liveguru.user.User_01_Register_To_System">
        <test-method is-config="true" signature="beforeClass()[pri:0, instance:com.liveguru.user.User_01_Register_To_System@45c7e403]" started-at="2021-10-14T06:55:08Z" name="beforeClass" finished-at="2021-10-14T06:55:08Z" duration-ms="6" status="PASS">
          <reporter-output>
          </reporter-output>
        </test-method> <!-- beforeClass -->
        <test-method signature="Register_01_Empty_Data()[pri:0, instance:com.liveguru.user.User_01_Register_To_System@45c7e403]" started-at="2021-10-14T06:55:08Z" name="Register_01_Empty_Data" finished-at="2021-10-14T06:55:08Z" duration-ms="5" status="PASS">
          <reporter-output>
          </reporter-output>
        </test-method> <!-- Register_01_Empty_Data -->
        <test-method signature="Register_02_Invalid_Email()[pri:0, instance:com.liveguru.user.User_01_Register_To_System@45c7e403]" started-at="2021-10-14T06:55:08Z" name="Register_02_Invalid_Email" finished-at="2021-10-14T06:55:08Z" duration-ms="1" status="PASS">
          <reporter-output>
          </reporter-output>
        </test-method> <!-- Register_02_Invalid_Email -->
        <test-method signature="Register_03_Password_Less_Than_6_Chars()[pri:0, instance:com.liveguru.user.User_01_Register_To_System@45c7e403]" started-at="2021-10-14T06:55:08Z" name="Register_03_Password_Less_Than_6_Chars" finished-at="2021-10-14T06:55:08Z" duration-ms="1" status="PASS">
          <reporter-output>
          </reporter-output>
        </test-method> <!-- Register_03_Password_Less_Than_6_Chars -->
        <test-method signature="Register_04_Confirm_Password_Not_Matching_Password()[pri:0, instance:com.liveguru.user.User_01_Register_To_System@45c7e403]" started-at="2021-10-14T06:55:08Z" name="Register_04_Confirm_Password_Not_Matching_Password" finished-at="2021-10-14T06:55:08Z" duration-ms="1" status="PASS">
          <reporter-output>
          </reporter-output>
        </test-method> <!-- Register_04_Confirm_Password_Not_Matching_Password -->
        <test-method signature="Register_05_Valid_Data()[pri:0, instance:com.liveguru.user.User_01_Register_To_System@45c7e403]" started-at="2021-10-14T06:55:08Z" name="Register_05_Valid_Data" finished-at="2021-10-14T06:55:08Z" duration-ms="1" status="PASS">
          <reporter-output>
          </reporter-output>
        </test-method> <!-- Register_05_Valid_Data -->
        <test-method is-config="true" signature="afterClass()[pri:0, instance:com.liveguru.user.User_01_Register_To_System@45c7e403]" started-at="2021-10-14T06:55:08Z" name="afterClass" finished-at="2021-10-14T06:55:08Z" duration-ms="0" status="PASS">
          <reporter-output>
          </reporter-output>
        </test-method> <!-- afterClass -->
      </class> <!-- com.liveguru.user.User_01_Register_To_System -->
    </test> <!-- Run on FIREFOX -->
  </suite> <!-- Live Guru -->
</testng-results>
